\BOOKMARK [1][-]{section.1}{\376\377\004\030\004\063\004\100\004\060\000\040\000t\000o\000w\000e\000r\000\040\000d\000e\000f\000e\000n\000s\000e}{}% 1
\BOOKMARK [2][-]{subsection.1.1}{\376\377\004\030\004\063\004\100\004\076\004\062\004\113\004\065\000\040\004\077\004\100\004\070\004\075\004\060\004\064\004\073\004\065\004\066\004\075\004\076\004\101\004\102\004\070}{section.1}% 2
\BOOKMARK [2][-]{subsection.1.2}{\376\377\004\037\004\076\004\100\004\117\004\064\004\076\004\072\000\040\004\070\004\101\004\077\004\076\004\073\004\114\004\067\004\076\004\062\004\060\004\075\004\070\004\117}{section.1}% 3
\BOOKMARK [1][-]{section.2}{\376\377\004\037\004\100\004\076\004\065\004\072\004\102\004\070\004\100\004\076\004\062\004\060\004\075\004\070\004\065\000\040\004\077\004\100\004\070\004\073\004\076\004\066\004\065\004\075\004\070\004\117}{}% 4
\BOOKMARK [2][-]{subsection.2.1}{\376\377\004\032\004\076\004\075\004\106\004\065\004\077\004\106\004\070\004\117\000\040\004\077\004\100\004\070\004\073\004\076\004\066\004\065\004\075\004\070\004\117}{section.2}% 5
\BOOKMARK [2][-]{subsection.2.2}{\376\377\004\034\004\070\004\075\004\070\004\074\004\060\004\073\004\114\004\075\004\076\000\040\004\100\004\060\004\061\004\076\004\102\004\076\004\101\004\077\004\076\004\101\004\076\004\061\004\075\004\113\004\071\000\040\004\077\004\100\004\076\004\064\004\103\004\072\004\102}{section.2}% 6
\BOOKMARK [2][-]{subsection.2.3}{\376\377\004\037\004\100\004\065\004\106\004\065\004\064\004\065\004\075\004\102\004\113\000\040\004\070\004\101\004\077\004\076\004\073\004\114\004\067\004\076\004\062\004\060\004\075\004\070\004\117}{section.2}% 7
\BOOKMARK [2][-]{subsection.2.4}{\376\377\004\036\004\101\004\075\004\076\004\062\004\075\004\113\004\065\000\040\004\072\004\076\004\074\004\077\004\076\004\075\004\065\004\075\004\102\004\113\000\040\004\077\004\100\004\070\004\073\004\076\004\066\004\065\004\075\004\070\004\117}{section.2}% 8
\BOOKMARK [2][-]{subsection.2.5}{\376\377\004\030\004\101\004\077\004\076\004\073\004\114\004\067\004\103\004\065\004\074\004\113\004\065\000\040\004\070\004\075\004\101\004\102\004\100\004\103\004\074\004\065\004\075\004\102\004\113}{section.2}% 9
\BOOKMARK [3][-]{subsubsection.2.5.1}{\376\377\000I\000n\000t\000e\000l\000l\000i\000J\000\040\000I\000D\000E\000A}{subsection.2.5}% 10
\BOOKMARK [3][-]{subsubsection.2.5.2}{\376\377\000S\000w\000i\000n\000g}{subsection.2.5}% 11
\BOOKMARK [2][-]{subsection.2.6}{\376\377\004\022\004\113\004\062\004\076\004\064\004\113}{section.2}% 12
\BOOKMARK [1][-]{section.3}{\376\377\004\040\004\065\004\060\004\073\004\070\004\067\004\060\004\106\004\070\004\117\000\040\004\077\004\100\004\070\004\073\004\076\004\066\004\065\004\075\004\070\004\117}{}% 13
\BOOKMARK [2][-]{subsection.3.1}{\376\377\004\041\004\100\004\065\004\064\004\060\000\040\004\100\004\060\004\067\004\100\004\060\004\061\004\076\004\102\004\072\004\070}{section.3}% 14
\BOOKMARK [2][-]{subsection.3.2}{\376\377\004\040\004\065\004\060\004\073\004\070\004\067\004\060\004\106\004\070\004\117\000\040\004\076\004\101\004\075\004\076\004\062\004\075\004\113\004\105\000\040\004\072\004\076\004\074\004\077\004\076\004\075\004\065\004\075\004\102\004\076\004\062\000\040\004\077\004\100\004\070\004\073\004\076\004\066\004\065\004\075\004\070\004\117}{section.3}% 15
\BOOKMARK [3][-]{subsubsection.3.2.1}{\376\377\004\021\004\070\004\061\004\073\004\070\004\076\004\102\004\065\004\072\004\060\000\040\000C\000o\000r\000e}{subsection.3.2}% 16
\BOOKMARK [3][-]{subsubsection.3.2.2}{\376\377\004\023\004\100\004\060\004\104\004\070\004\107\004\065\004\101\004\072\004\070\004\071\000\040\004\070\004\075\004\102\004\065\004\100\004\104\004\065\004\071\004\101}{subsection.3.2}% 17
\BOOKMARK [2][-]{subsection.3.3}{\376\377\004\042\004\065\004\101\004\102\004\070\004\102\004\100\004\076\004\062\004\060\004\075\004\070\004\065}{section.3}% 18
\BOOKMARK [2][-]{subsection.3.4}{\376\377\004\024\004\065\004\074\004\076\004\075\004\101\004\102\004\100\004\060\004\106\004\070\004\070}{section.3}% 19
\BOOKMARK [1][-]{section.4}{\376\377\004\022\004\113\004\062\004\076\004\064\004\113}{}% 20
\BOOKMARK [1][-]{section.5}{\376\377\004\037\004\100\004\070\004\073\004\076\004\066\004\065\004\075\004\070\004\065\000\040\0001}{}% 21
\BOOKMARK [2][-]{subsection.5.1}{\376\377\004\033\004\070\004\101\004\102\004\070\004\075\004\063\004\070}{section.5}% 22
