This is pdfTeX, Version 3.14159265-2.6-1.40.17 (MiKTeX 2.9) (preloaded format=pdflatex 2016.5.31)  22 DEC 2016 13:35
entering extended mode
**./main.tex
(main.tex
LaTeX2e <2016/03/31>
Babel <3.9r> and hyphenation patterns for 75 language(s) loaded.
\@input{settings.aux}
\openout2 = `settings.aux'.

(settings.tex (H:\LaTeX\tex\latex\base\article.cls
Document Class: article 2014/09/29 v1.4h Standard LaTeX document class
(H:\LaTeX\tex\latex\base\size10.clo
File: size10.clo 2014/09/29 v1.4h Standard LaTeX file (size option)
)
\c@part=\count79
\c@section=\count80
\c@subsection=\count81
\c@subsubsection=\count82
\c@paragraph=\count83
\c@subparagraph=\count84
\c@figure=\count85
\c@table=\count86
\abovecaptionskip=\skip41
\belowcaptionskip=\skip42
\bibindent=\dimen102
) (H:\LaTeX\tex\latex\base\inputenc.sty
Package: inputenc 2015/03/17 v1.2c Input encoding file
\inpenc@prehook=\toks14
\inpenc@posthook=\toks15

(H:\LaTeX\tex\latex\ucs\utf8x.def
File: utf8x.def 2004/10/17 UCS: Input encoding UTF-8
)) (H:\LaTeX\tex\latex\ucs\ucs.sty
Package: ucs 2013/05/11 v2.2 UCS: Unicode input support

(H:\LaTeX\tex\latex\ucs\uni-global.def
File: uni-global.def 2013/05/13 UCS: Unicode global data
)
\uc@secondtry=\count87
\uc@combtoks=\toks16
\uc@combtoksb=\toks17
\uc@temptokena=\toks18
) (H:\LaTeX\tex\latex\base\fontenc.sty
Package: fontenc 2005/09/27 v1.99g Standard LaTeX package

(H:\LaTeX\tex\latex\base\t1enc.def
File: t1enc.def 2005/09/27 v1.99g Standard LaTeX file
LaTeX Font Info:    Redeclaring font encoding T1 on input line 48.
) (H:\LaTeX\tex\latex\cyrillic\t2aenc.def
File: t2aenc.def 2005/09/27 v1.0i Cyrillic encoding definition file
)
LaTeX Font Info:    Try loading font information for T2A+cmr on input line 105.


(H:\LaTeX\tex\latex\cyrillic\t2acmr.fd
File: t2acmr.fd 2001/08/11 v1.0a Computer Modern Cyrillic font definitions
)) (H:\LaTeX\tex\generic\babel\babel.sty
Package: babel 2016/04/23 3.9r The Babel package

*************************************
* Local config file bblopts.cfg used
*
(H:\LaTeX\tex\latex\arabi\bblopts.cfg
File: bblopts.cfg 2005/09/08 v0.1 add Arabic and Farsi to "declared" options of
 babel
)
(H:\LaTeX\tex\latex\babel-russian\russianb.ldf
Language: russianb 2016/02/18 1.3h Russian support for the Babel system

(H:\LaTeX\tex\generic\babel\babel.def
File: babel.def 2016/04/23 3.9r Babel common definitions
\babel@savecnt=\count88
\U@D=\dimen103
)
Package babel Info: Making " an active character on input line 111.
))
(H:\LaTeX\tex\latex\hyperref\hyperref.sty
Package: hyperref 2016/05/05 v6.83n Hypertext links for LaTeX

(H:\LaTeX\tex\generic\oberdiek\hobsub-hyperref.sty
Package: hobsub-hyperref 2016/05/16 v1.14 Bundle oberdiek, subset hyperref (HO)


(H:\LaTeX\tex\generic\oberdiek\hobsub-generic.sty
Package: hobsub-generic 2016/05/16 v1.14 Bundle oberdiek, subset generic (HO)
Package: hobsub 2016/05/16 v1.14 Construct package bundles (HO)
Package: infwarerr 2016/05/16 v1.4 Providing info/warning/error messages (HO)
Package: ltxcmds 2016/05/16 v1.23 LaTeX kernel commands for general use (HO)
Package: ifluatex 2016/05/16 v1.4 Provides the ifluatex switch (HO)
Package ifluatex Info: LuaTeX not detected.
Package: ifvtex 2016/05/16 v1.6 Detect VTeX and its facilities (HO)
Package ifvtex Info: VTeX not detected.
Package: intcalc 2016/05/16 v1.2 Expandable calculations with integers (HO)
Package: ifpdf 2016/05/14 v3.1 Provides the ifpdf switch
Package: etexcmds 2016/05/16 v1.6 Avoid name clashes with e-TeX commands (HO)
Package etexcmds Info: Could not find \expanded.
(etexcmds)             That can mean that you are not using pdfTeX 1.50 or
(etexcmds)             that some package has redefined \expanded.
(etexcmds)             In the latter case, load this package earlier.
Package: kvsetkeys 2016/05/16 v1.17 Key value parser (HO)
Package: kvdefinekeys 2016/05/16 v1.4 Define keys (HO)
Package: pdftexcmds 2016/05/10 v0.21 Utility functions of pdfTeX for LuaTeX (HO
)
Package pdftexcmds Info: LuaTeX not detected.
Package pdftexcmds Info: \pdf@primitive is available.
Package pdftexcmds Info: \pdf@ifprimitive is available.
Package pdftexcmds Info: \pdfdraftmode found.
Package: pdfescape 2016/05/16 v1.14 Implements pdfTeX's escape features (HO)
Package: bigintcalc 2016/05/16 v1.4 Expandable calculations on big integers (HO
)
Package: bitset 2016/05/16 v1.2 Handle bit-vector datatype (HO)
Package: uniquecounter 2016/05/16 v1.3 Provide unlimited unique counter (HO)
)
Package hobsub Info: Skipping package `hobsub' (already loaded).
Package: letltxmacro 2016/05/16 v1.5 Let assignment for LaTeX macros (HO)
Package: hopatch 2016/05/16 v1.3 Wrapper for package hooks (HO)
Package: xcolor-patch 2016/05/16 xcolor patch
Package: atveryend 2016/05/16 v1.9 Hooks at the very end of document (HO)
Package atveryend Info: \enddocument detected (standard20110627).
Package: atbegshi 2016/05/16 v1.17 At begin shipout hook (HO)
Package: refcount 2016/05/16 v3.5 Data extraction from label references (HO)
Package: hycolor 2016/05/16 v1.8 Color options for hyperref/bookmark (HO)
)
(H:\LaTeX\tex\latex\graphics\keyval.sty
Package: keyval 2014/10/28 v1.15 key=value parser (DPC)
\KV@toks@=\toks19
)
(H:\LaTeX\tex\generic\ifxetex\ifxetex.sty
Package: ifxetex 2010/09/12 v0.6 Provides ifxetex conditional
)
(H:\LaTeX\tex\latex\oberdiek\auxhook.sty
Package: auxhook 2016/05/16 v1.4 Hooks for auxiliary files (HO)
)
(H:\LaTeX\tex\latex\oberdiek\kvoptions.sty
Package: kvoptions 2016/05/16 v3.12 Key value format for package options (HO)
)
\@linkdim=\dimen104
\Hy@linkcounter=\count89
\Hy@pagecounter=\count90

(H:\LaTeX\tex\latex\hyperref\pd1enc.def
File: pd1enc.def 2016/05/05 v6.83n Hyperref: PDFDocEncoding definition (HO)
)
\Hy@SavedSpaceFactor=\count91
Package hyperref Info: Option `unicode' set `true' on input line 3414.
 (H:\LaTeX\tex\latex\hyperref\puenc.def
File: puenc.def 2016/05/05 v6.83n Hyperref: PDF Unicode definition (HO)
) (H:\LaTeX\tex\latex\00miktex\hyperref.cfg
File: hyperref.cfg 2002/06/06 v1.2 hyperref configuration of TeXLive
)
Package hyperref Info: Hyper figures OFF on input line 4446.
Package hyperref Info: Link nesting OFF on input line 4451.
Package hyperref Info: Hyper index ON on input line 4454.
Package hyperref Info: Plain pages OFF on input line 4461.
Package hyperref Info: Backreferencing OFF on input line 4466.
Package hyperref Info: Implicit mode ON; LaTeX internals redefined.
Package hyperref Info: Bookmarks ON on input line 4691.
\c@Hy@tempcnt=\count92
 (H:\LaTeX\tex\latex\url\url.sty
\Urlmuskip=\muskip10
Package: url 2013/09/16  ver 3.4  Verb mode for urls, etc.
)
LaTeX Info: Redefining \url on input line 5044.
\XeTeXLinkMargin=\dimen105
\Fld@menulength=\count93
\Field@Width=\dimen106
\Fld@charsize=\dimen107
Package hyperref Info: Hyper figures OFF on input line 6298.
Package hyperref Info: Link nesting OFF on input line 6303.
Package hyperref Info: Hyper index ON on input line 6306.
Package hyperref Info: backreferencing OFF on input line 6313.
Package hyperref Info: Link coloring OFF on input line 6318.
Package hyperref Info: Link coloring with OCG OFF on input line 6323.
Package hyperref Info: PDF/A mode OFF on input line 6328.
LaTeX Info: Redefining \ref on input line 6368.
LaTeX Info: Redefining \pageref on input line 6372.
\Hy@abspage=\count94
\c@Item=\count95
\c@Hfootnote=\count96
)

Package hyperref Message: Driver (autodetected): hpdftex.

(H:\LaTeX\tex\latex\hyperref\hpdftex.def
File: hpdftex.def 2016/05/05 v6.83n Hyperref driver for pdfTeX
\Fld@listcount=\count97
\c@bookmark@seq@number=\count98

(H:\LaTeX\tex\latex\oberdiek\rerunfilecheck.sty
Package: rerunfilecheck 2016/05/16 v1.8 Rerun checks for auxiliary files (HO)
Package uniquecounter Info: New unique counter `rerunfilecheck' on input line 2
82.
)
\Hy@SectionHShift=\skip43
)
(H:\LaTeX\tex\latex\tools\indentfirst.sty
Package: indentfirst 1995/11/23 v1.03 Indent first paragraph (DPC)
)
(H:\LaTeX\tex\latex\listings\listings.sty
\lst@mode=\count99
\lst@gtempboxa=\box26
\lst@token=\toks20
\lst@length=\count100
\lst@currlwidth=\dimen108
\lst@column=\count101
\lst@pos=\count102
\lst@lostspace=\dimen109
\lst@width=\dimen110
\lst@newlines=\count103
\lst@lineno=\count104
\lst@maxwidth=\dimen111

(H:\LaTeX\tex\latex\listings\lstmisc.sty
File: lstmisc.sty 2015/06/04 1.6 (Carsten Heinz)
\c@lstnumber=\count105
\lst@skipnumbers=\count106
\lst@framebox=\box27
)
(H:\LaTeX\tex\latex\listings\listings.cfg
File: listings.cfg 2015/06/04 1.6 listings configuration
))
Package: listings 2015/06/04 1.6 (Carsten Heinz)

(H:\LaTeX\tex\latex\graphics\color.sty
Package: color 2016/05/09 v1.1c Standard LaTeX Color (DPC)
 (H:\LaTeX\tex\latex\00miktex\color.cfg
File: color.cfg 2016/01/02 v1.6 sample color configuration
)
Package color Info: Driver file: pdftex.def on input line 144.

(H:\LaTeX\tex\latex\pdftex-def\pdftex.def
File: pdftex.def 2011/05/27 v0.06d Graphics/color for pdfTeX
\Gread@gobject=\count107
))
(H:\LaTeX\tex\latex\ltxmisc\here.sty) (H:\LaTeX\tex\latex\tools\array.sty
Package: array 2014/10/28 v2.4c Tabular extension package (FMi)
\col@sep=\dimen112
\extrarowheight=\dimen113
\NC@list=\toks21
\extratabsurround=\skip44
\backup@length=\skip45
)
(H:\LaTeX\tex\latex\multirow\multirow.sty
\bigstrutjot=\dimen114
)
(H:\LaTeX\tex\latex\graphics\graphicx.sty
Package: graphicx 2014/10/28 v1.0g Enhanced LaTeX Graphics (DPC,SPQR)

(H:\LaTeX\tex\latex\graphics\graphics.sty
Package: graphics 2016/05/09 v1.0r Standard LaTeX Graphics (DPC,SPQR)
 (H:\LaTeX\tex\latex\graphics\trig.sty
Package: trig 2016/01/03 v1.10 sin cos tan (DPC)
) (H:\LaTeX\tex\latex\00miktex\graphics.cfg
File: graphics.cfg 2016/01/02 v1.10 sample graphics configuration
)
Package graphics Info: Driver file: pdftex.def on input line 96.
)
\Gin@req@height=\dimen115
\Gin@req@width=\dimen116
)
(H:\LaTeX\tex\latex\caption\caption.sty
Package: caption 2016/02/21 v3.3-144 Customizing captions (AR)

(H:\LaTeX\tex\latex\caption\caption3.sty
Package: caption3 2016/05/22 v1.7-166 caption3 kernel (AR)
Package caption3 Info: TeX engine: e-TeX on input line 67.
\captionmargin=\dimen117
\captionmargin@=\dimen118
\captionwidth=\dimen119
\caption@tempdima=\dimen120
\caption@indent=\dimen121
\caption@parindent=\dimen122
\caption@hangindent=\dimen123
)
\c@ContinuedFloat=\count108
Package caption Info: hyperref package is loaded.
Package caption Info: listings package is loaded.
)
(H:\LaTeX\tex\latex\listings\lstlang1.sty
File: lstlang1.sty 2015/06/04 1.6 listings language file
)
(H:\LaTeX\tex\latex\listings\lstlang1.sty
File: lstlang1.sty 2015/06/04 1.6 listings language file
))
(H:\LaTeX\tex\latex\geometry\geometry.sty
Package: geometry 2010/09/12 v5.6 Page Geometry
\Gm@cnth=\count109
\Gm@cntv=\count110
\c@Gm@tempcnt=\count111
\Gm@bindingoffset=\dimen124
\Gm@wd@mp=\dimen125
\Gm@odd@mp=\dimen126
\Gm@even@mp=\dimen127
\Gm@layoutwidth=\dimen128
\Gm@layoutheight=\dimen129
\Gm@layouthoffset=\dimen130
\Gm@layoutvoffset=\dimen131
\Gm@dimlist=\toks22

(H:\LaTeX\tex\latex\geometry\geometry.cfg)) (main.aux (titlepage.aux))
\openout1 = `main.aux'.

LaTeX Font Info:    Checking defaults for OML/cmm/m/it on input line 3.
LaTeX Font Info:    ... okay on input line 3.
LaTeX Font Info:    Checking defaults for T1/cmr/m/n on input line 3.
LaTeX Font Info:    ... okay on input line 3.
LaTeX Font Info:    Checking defaults for OT1/cmr/m/n on input line 3.
LaTeX Font Info:    ... okay on input line 3.
LaTeX Font Info:    Checking defaults for OMS/cmsy/m/n on input line 3.
LaTeX Font Info:    ... okay on input line 3.
LaTeX Font Info:    Checking defaults for OMX/cmex/m/n on input line 3.
LaTeX Font Info:    ... okay on input line 3.
LaTeX Font Info:    Checking defaults for U/cmr/m/n on input line 3.
LaTeX Font Info:    ... okay on input line 3.
LaTeX Font Info:    Checking defaults for T2A/cmr/m/n on input line 3.
LaTeX Font Info:    ... okay on input line 3.
LaTeX Font Info:    Checking defaults for PD1/pdf/m/n on input line 3.
LaTeX Font Info:    ... okay on input line 3.
LaTeX Font Info:    Checking defaults for PU/pdf/m/n on input line 3.
LaTeX Font Info:    ... okay on input line 3.

(H:\LaTeX\tex\latex\ucs\ucsencs.def
File: ucsencs.def 2011/01/21 Fixes to fontencodings LGR, T3
)
\AtBeginShipoutBox=\box28
Package hyperref Info: Link coloring OFF on input line 3.
 (H:\LaTeX\tex\latex\hyperref\nameref.sty
Package: nameref 2012/10/27 v2.43 Cross-referencing by name of section

(H:\LaTeX\tex\generic\oberdiek\gettitlestring.sty
Package: gettitlestring 2016/05/16 v1.5 Cleanup title references (HO)
)
\c@section@level=\count112
)
LaTeX Info: Redefining \ref on input line 3.
LaTeX Info: Redefining \pageref on input line 3.
LaTeX Info: Redefining \nameref on input line 3.
 (main.out) (main.out)
\@outlinefile=\write3
\openout3 = `main.out'.

\c@lstlisting=\count113

(H:\LaTeX\tex\context\base\supp-pdf.mkii
[Loading MPS to PDF converter (version 2006.09.02).]
\scratchcounter=\count114
\scratchdimen=\dimen132
\scratchbox=\box29
\nofMPsegments=\count115
\nofMParguments=\count116
\everyMPshowfont=\toks23
\MPscratchCnt=\count117
\MPscratchDim=\dimen133
\MPnumerator=\count118
\makeMPintoPDFobject=\count119
\everyMPtoPDFconversion=\toks24
) (H:\LaTeX\tex\latex\oberdiek\epstopdf-base.sty
Package: epstopdf-base 2016/05/15 v2.6 Base part for package epstopdf

(H:\LaTeX\tex\latex\oberdiek\grfext.sty
Package: grfext 2016/05/16 v1.2 Manage graphics extensions (HO)
)
Package grfext Info: Graphics extension search list:
(grfext)             [.png,.pdf,.jpg,.mps,.jpeg,.jbig2,.jb2,.PNG,.PDF,.JPG,.JPE
G,.JBIG2,.JB2,.eps]
(grfext)             \AppendGraphicsExtensions on input line 456.
)
Package caption Info: Begin \AtBeginDocument code.
Package caption Info: End \AtBeginDocument code.

*geometry* driver: auto-detecting
*geometry* detected driver: pdftex
*geometry* verbose mode - [ preamble ] result:
* driver: pdftex
* paper: a4paper
* layout: <same size as paper>
* layoutoffset:(h,v)=(0.0pt,0.0pt)
* modes: 
* h-part:(L,W,R)=(56.9055pt, 483.69687pt, 56.9055pt)
* v-part:(T,H,B)=(56.9055pt, 731.23584pt, 56.9055pt)
* \paperwidth=597.50787pt
* \paperheight=845.04684pt
* \textwidth=483.69687pt
* \textheight=731.23584pt
* \oddsidemargin=-15.36449pt
* \evensidemargin=-15.36449pt
* \topmargin=-52.36449pt
* \headheight=12.0pt
* \headsep=25.0pt
* \topskip=10.0pt
* \footskip=30.0pt
* \marginparwidth=57.0pt
* \marginparsep=11.0pt
* \columnsep=10.0pt
* \skip\footins=9.0pt plus 4.0pt minus 2.0pt
* \hoffset=0.0pt
* \voffset=0.0pt
* \mag=1000
* \@twocolumnfalse
* \@twosidefalse
* \@mparswitchfalse
* \@reversemarginfalse
* (1in=72.27pt=25.4mm, 1cm=28.453pt)

\openout2 = `titlepage.aux'.

(titlepage.tex (H:\LaTeX\tex\latex\ucs\uni-4.def
File: uni-4.def 2013/05/13 UCS: Unicode data U+0400..U+04FF
)
LaTeX Font Info:    External font `cmex10' loaded for size
(Font)              <7> on input line 29.
LaTeX Font Info:    External font `cmex10' loaded for size
(Font)              <5> on input line 29.
Package babel Info: Redefining russian shorthand "|
(babel)             in language append on input line 40.
Package babel Info: Redefining russian shorthand "~
(babel)             in language append on input line 40.
Package babel Info: Redefining russian shorthand "|
(babel)             in language append on input line 40.
Package babel Info: Redefining russian shorthand "~
(babel)             in language append on input line 40.
 [1




{C:/Users/oliea/AppData/Local/MiKTeX/2.9/pdftex/config/pdftex.map}]) (main.toc)
\tf@toc=\write4
\openout4 = `main.toc'.

Package babel Info: Redefining russian shorthand "|
(babel)             in language append on input line 10.
Package babel Info: Redefining russian shorthand "~
(babel)             in language append on input line 10.
Package babel Info: Redefining russian shorthand "|
(babel)             in language append on input line 10.
Package babel Info: Redefining russian shorthand "~
(babel)             in language append on input line 10.
pdfTeX warning (ext4): destination with the same identifier (name{page.1}) has 
been already used, duplicate ignored
<to be read again> 
                   \relax 
l.10 \newpage
              [1

]
Package babel Info: Redefining russian shorthand "|
(babel)             in language append on input line 14.
Package babel Info: Redefining russian shorthand "~
(babel)             in language append on input line 14.
Package babel Info: Redefining russian shorthand "|
(babel)             in language append on input line 16.
Package babel Info: Redefining russian shorthand "~
(babel)             in language append on input line 16.
 (H:\LaTeX\tex\latex\ucs\uni-32.def
File: uni-32.def 2013/05/13 UCS: Unicode data U+2000..U+20FF
)
(H:\LaTeX\tex\latex\ucs\uni-0.def
File: uni-0.def 2013/05/13 UCS: Unicode data U+0000..U+00FF
)
Package babel Info: Redefining russian shorthand "|
(babel)             in language append on input line 20.
Package babel Info: Redefining russian shorthand "~
(babel)             in language append on input line 20.
Package babel Info: Redefining russian shorthand "|
(babel)             in language append on input line 24.
Package babel Info: Redefining russian shorthand "~
(babel)             in language append on input line 24.
Package babel Info: Redefining russian shorthand "|
(babel)             in language append on input line 26.
Package babel Info: Redefining russian shorthand "~
(babel)             in language append on input line 26.
Package babel Info: Redefining russian shorthand "|
(babel)             in language append on input line 31.
Package babel Info: Redefining russian shorthand "~
(babel)             in language append on input line 31.
Package babel Info: Redefining russian shorthand "|
(babel)             in language append on input line 35.
Package babel Info: Redefining russian shorthand "~
(babel)             in language append on input line 35.

<../image/use_case.png, id=129, 522.95375pt x 394.47375pt>
File: ../image/use_case.png Graphic file (type png)

<use ../image/use_case.png>
Package pdftex.def Info: ../image/use_case.png used on input line 41.
(pdftex.def)             Requested size: 483.69687pt x 364.87045pt.
Package babel Info: Redefining russian shorthand "|
(babel)             in language append on input line 46.
Package babel Info: Redefining russian shorthand "~
(babel)             in language append on input line 46.
Package babel Info: Redefining russian shorthand "|
(babel)             in language append on input line 46.
Package babel Info: Redefining russian shorthand "~
(babel)             in language append on input line 46.
 [2]
Package babel Info: Redefining russian shorthand "|
(babel)             in language append on input line 47.
Package babel Info: Redefining russian shorthand "~
(babel)             in language append on input line 47.
Package babel Info: Redefining russian shorthand "|
(babel)             in language append on input line 61.
Package babel Info: Redefining russian shorthand "~
(babel)             in language append on input line 61.
Package babel Info: Redefining russian shorthand "|
(babel)             in language append on input line 65.
Package babel Info: Redefining russian shorthand "~
(babel)             in language append on input line 65.
Package babel Info: Redefining russian shorthand "|
(babel)             in language append on input line 69.
Package babel Info: Redefining russian shorthand "~
(babel)             in language append on input line 69.
Package babel Info: Redefining russian shorthand "|
(babel)             in language append on input line 72.
Package babel Info: Redefining russian shorthand "~
(babel)             in language append on input line 72.
Package babel Info: Redefining russian shorthand "|
(babel)             in language append on input line 72.
Package babel Info: Redefining russian shorthand "~
(babel)             in language append on input line 72.
 [3 <../image/use_case.png>]
Package babel Info: Redefining russian shorthand "|
(babel)             in language append on input line 75.
Package babel Info: Redefining russian shorthand "~
(babel)             in language append on input line 75.
Package babel Info: Redefining russian shorthand "|
(babel)             in language append on input line 78.
Package babel Info: Redefining russian shorthand "~
(babel)             in language append on input line 78.
Package babel Info: Redefining russian shorthand "|
(babel)             in language append on input line 80.
Package babel Info: Redefining russian shorthand "~
(babel)             in language append on input line 80.
LaTeX Font Info:    Try loading font information for OMS+cmr on input line 83.

(H:\LaTeX\tex\latex\base\omscmr.fd
File: omscmr.fd 2014/09/29 v2.5h Standard LaTeX font definitions
)
LaTeX Font Info:    Font shape `OMS/cmr/m/n' in size <10> not available
(Font)              Font shape `OMS/cmsy/m/n' tried instead on input line 83.
Package babel Info: Redefining russian shorthand "|
(babel)             in language append on input line 89.
Package babel Info: Redefining russian shorthand "~
(babel)             in language append on input line 89.
Package babel Info: Redefining russian shorthand "|
(babel)             in language append on input line 91.
Package babel Info: Redefining russian shorthand "~
(babel)             in language append on input line 91.
Package babel Info: Redefining russian shorthand "|
(babel)             in language append on input line 135.
Package babel Info: Redefining russian shorthand "~
(babel)             in language append on input line 135.
Package babel Info: Redefining russian shorthand "|
(babel)             in language append on input line 135.
Package babel Info: Redefining russian shorthand "~
(babel)             in language append on input line 135.
 [4]
Package babel Info: Redefining russian shorthand "|
(babel)             in language append on input line 147.
Package babel Info: Redefining russian shorthand "~
(babel)             in language append on input line 147.

<../image/menu.png, id=159, 598.48593pt x 449.42906pt>
File: ../image/menu.png Graphic file (type png)
 <use ../image/menu.png>
Package pdftex.def Info: ../image/menu.png used on input line 154.
(pdftex.def)             Requested size: 483.69687pt x 363.23318pt.

<../image/GameScreen1.png, id=160, 598.48593pt x 449.42906pt>
File: ../image/GameScreen1.png Graphic file (type png)

<use ../image/GameScreen1.png>
Package pdftex.def Info: ../image/GameScreen1.png used on input line 162.
(pdftex.def)             Requested size: 483.69687pt x 363.23318pt.
Package babel Info: Redefining russian shorthand "|
(babel)             in language append on input line 167.
Package babel Info: Redefining russian shorthand "~
(babel)             in language append on input line 167.
Package babel Info: Redefining russian shorthand "|
(babel)             in language append on input line 167.
Package babel Info: Redefining russian shorthand "~
(babel)             in language append on input line 167.
 [5 <../image/menu.png>]
File: ../image/GameScreen1.png Graphic file (type png)

<use ../image/GameScreen1.png>
Package pdftex.def Info: ../image/GameScreen1.png used on input line 170.
(pdftex.def)             Requested size: 483.69687pt x 363.23318pt.
Package babel Info: Redefining russian shorthand "|
(babel)             in language append on input line 175.
Package babel Info: Redefining russian shorthand "~
(babel)             in language append on input line 175.
Package babel Info: Redefining russian shorthand "|
(babel)             in language append on input line 175.
Package babel Info: Redefining russian shorthand "~
(babel)             in language append on input line 175.
 [6 <../image/GameScreen1.png>]
Package babel Info: Redefining russian shorthand "|
(babel)             in language append on input line 180.
Package babel Info: Redefining russian shorthand "~
(babel)             in language append on input line 180.
Package babel Info: Redefining russian shorthand "|
(babel)             in language append on input line 186.
Package babel Info: Redefining russian shorthand "~
(babel)             in language append on input line 186.
Package babel Info: Redefining russian shorthand "|
(babel)             in language append on input line 190.
Package babel Info: Redefining russian shorthand "~
(babel)             in language append on input line 190.
Package babel Info: Redefining russian shorthand "|
(babel)             in language append on input line 194.
Package babel Info: Redefining russian shorthand "~
(babel)             in language append on input line 194.
Package babel Info: Redefining russian shorthand "|
(babel)             in language append on input line 196.
Package babel Info: Redefining russian shorthand "~
(babel)             in language append on input line 196.
Package atveryend Info: Empty hook `BeforeClearDocument' on input line 200.
Package babel Info: Redefining russian shorthand "|
(babel)             in language append on input line 200.
Package babel Info: Redefining russian shorthand "~
(babel)             in language append on input line 200.
Package babel Info: Redefining russian shorthand "|
(babel)             in language append on input line 200.
Package babel Info: Redefining russian shorthand "~
(babel)             in language append on input line 200.
 [7]
Package atveryend Info: Empty hook `AfterLastShipout' on input line 200.
 (main.aux
(titlepage.aux))
Package atveryend Info: Executing hook `AtVeryEndDocument' on input line 200.
Package atveryend Info: Executing hook `AtEndAfterFileList' on input line 200.
Package rerunfilecheck Info: File `main.out' has not changed.
(rerunfilecheck)             Checksum: 84D6144E73FC6281603157EC4E302EC1;4421.
Package atveryend Info: Empty hook `AtVeryVeryEnd' on input line 200.
 ) 
Here is how much of TeX's memory you used:
 13891 strings out of 493335
 192508 string characters out of 3147454
 281101 words of memory out of 3000000
 17243 multiletter control sequences out of 15000+200000
 10070 words of font info for 22 fonts, out of 3000000 for 9000
 1141 hyphenation exceptions out of 8191
 40i,5n,51p,1264b,664s stack positions out of 5000i,500n,10000p,200000b,50000s
 <C:\Users\oliea\AppData\Local\MiKTeX\2.9\fonts\pk\ljfour\unknown\unknown\dpi
600\larm1000.pk> <C:\Users\oliea\AppData\Local\MiKTeX\2.9\fonts\pk\ljfour\lh\lh
-t2a\dpi600\labx1000.pk> <C:\Users\oliea\AppData\Local\MiKTeX\2.9\fonts\pk\ljfo
ur\lh\lh-t2a\dpi600\labx1440.pk> <C:\Users\oliea\AppData\Local\MiKTeX\2.9\fonts
\pk\ljfour\lh\lh-t2a\dpi600\labx1200.pk> <C:\Users\oliea\AppData\Local\MiKTeX\2
.9\fonts\pk\ljfour\lh\lh-t2a\dpi600\larm2074.pk> <C:\Users\oliea\AppData\Local\
MiKTeX\2.9\fonts\pk\ljfour\lh\lh-t2a\dpi600\larm1200.pk><H:/LaTeX/fonts/type1/p
ublic/amsfonts/cm/cmsy10.pfb>
Output written on main.pdf (8 pages, 245434 bytes).
PDF statistics:
 558 PDF objects out of 1000 (max. 8388607)
 52 named destinations out of 1000 (max. 500000)
 192 words of extra memory for PDF output out of 10000 (max. 10000000)

